<?xml version="1.0" encoding="UTF-8"?>
<testsuite xmlns:xsi="http://www.w3.org/2001/XMLSchema-instance" xsi:noNamespaceSchemaLocation="https://maven.apache.org/surefire/maven-surefire-plugin/xsd/surefire-test-report-3.0.xsd" version="3.0" name="b4u.pocketpartners.backend.BackendApplicationTests" time="18.74" tests="1" errors="0" skipped="0" failures="0">
  <properties>
[...]
</properties>
  <testcase name="contextLoads" classname="b4u.pocketpartners.backend.BackendApplicationTests" time="0.618">
    <system-out><![CDATA[Standard Commons Logging discovery in action with spring-jcl: please remove commons-logging.jar from classpath in order to avoid potential conflicts
07:40:14.294 [main] INFO org.springframework.test.context.support.AnnotationConfigContextLoaderUtils -- Could not detect default configuration classes for test class [b4u.pocketpartners.backend.BackendApplicationTests]: BackendApplicationTests does not declare any static, non-private, non-final, nested classes annotated with @Configuration.
07:40:14.395 [main] INFO org.springframework.boot.test.context.SpringBootTestContextBootstrapper -- Found @SpringBootConfiguration b4u.pocketpartners.backend.BackendApplication for test class b4u.pocketpartners.backend.BackendApplicationTests
07:40:14.547 [main] INFO org.springframework.boot.devtools.restart.RestartApplicationListener -- Restart disabled due to context in which it is running

  .   ____          _            __ _ _
 /\\ / ___'_ __ _ _(_)_ __  __ _ \ \ \ \
( ( )\___ | '_ | '_| | '_ \/ _` | \ \ \ \
 \\/  ___)| |_)| | | | | || (_| |  ) ) ) )
  '  |____| .__|_| |_|_| |_\__, | / / / /
 =========|_|==============|___/=/_/_/_/

 :: Spring Boot ::                (v3.3.3)

2024-11-20T07:40:14.838-05:00  INFO 28336 --- [B4U PocketPartners Backend] [           main] b.p.backend.BackendApplicationTests      : Starting BackendApplicationTests using Java 22.0.1 with PID 28336 (started by Nadia in C:\Users\Nadia\Documents\fundamentos\PocketPartners-Backend)
2024-11-20T07:40:14.839-05:00  INFO 28336 --- [B4U PocketPartners Backend] [           main] b.p.backend.BackendApplicationTests      : The following 1 profile is active: "dev"
2024-11-20T07:40:15.962-05:00  INFO 28336 --- [B4U PocketPartners Backend] [           main] .s.d.r.c.RepositoryConfigurationDelegate : Bootstrapping Spring Data JPA repositories in DEFAULT mode.
2024-11-20T07:40:16.068-05:00  INFO 28336 --- [B4U PocketPartners Backend] [           main] .s.d.r.c.RepositoryConfigurationDelegate : Finished Spring Data repository scanning in 100 ms. Found 9 JPA repository interfaces.
2024-11-20T07:40:16.823-05:00  INFO 28336 --- [B4U PocketPartners Backend] [           main] o.hibernate.jpa.internal.util.LogHelper  : HHH000204: Processing PersistenceUnitInfo [name: default]
2024-11-20T07:40:16.874-05:00  INFO 28336 --- [B4U PocketPartners Backend] [           main] org.hibernate.Version                    : HHH000412: Hibernate ORM core version 6.5.2.Final
2024-11-20T07:40:16.910-05:00  INFO 28336 --- [B4U PocketPartners Backend] [           main] o.h.c.internal.RegionFactoryInitiator    : HHH000026: Second-level cache disabled
2024-11-20T07:40:17.207-05:00  INFO 28336 --- [B4U PocketPartners Backend] [           main] o.s.o.j.p.SpringPersistenceUnitInfo      : No LoadTimeWeaver setup: ignoring JPA class transformer
2024-11-20T07:40:17.235-05:00  INFO 28336 --- [B4U PocketPartners Backend] [           main] com.zaxxer.hikari.HikariDataSource       : HikariPool-1 - Starting...
2024-11-20T07:40:19.439-05:00  INFO 28336 --- [B4U PocketPartners Backend] [           main] com.zaxxer.hikari.pool.HikariPool        : HikariPool-1 - Added connection com.mysql.cj.jdbc.ConnectionImpl@bea283b
2024-11-20T07:40:19.443-05:00  INFO 28336 --- [B4U PocketPartners Backend] [           main] com.zaxxer.hikari.HikariDataSource       : HikariPool-1 - Start completed.
2024-11-20T07:40:19.932-05:00  WARN 28336 --- [B4U PocketPartners Backend] [           main] org.hibernate.orm.deprecation            : HHH90000025: MySQLDialect does not need to be specified explicitly using 'hibernate.dialect' (remove the property setting and it will be selected by default)
2024-11-20T07:40:20.921-05:00  INFO 28336 --- [B4U PocketPartners Backend] [           main] o.h.e.t.j.p.i.JtaPlatformInitiator       : HHH000489: No JTA platform available (set 'hibernate.transaction.jta.platform' to enable JTA platform integration)
Hibernate: alter table currencies modify column code enum ('EUR','PEN','USD','YEN')
Hibernate: alter table roles modify column name enum ('ROLE_ADMIN','ROLE_USER')
2024-11-20T07:40:29.198-05:00  INFO 28336 --- [B4U PocketPartners Backend] [           main] j.LocalContainerEntityManagerFactoryBean : Initialized JPA EntityManagerFactory for persistence unit 'default'
2024-11-20T07:40:30.536-05:00  INFO 28336 --- [B4U PocketPartners Backend] [           main] eAuthenticationProviderManagerConfigurer : Global AuthenticationManager configured with AuthenticationProvider bean with name authenticationProvider
2024-11-20T07:40:30.536-05:00  WARN 28336 --- [B4U PocketPartners Backend] [           main] r$InitializeUserDetailsManagerConfigurer : Global AuthenticationManager configured with an AuthenticationProvider bean. UserDetailsService beans will not be used for username/password login. Consider removing the AuthenticationProvider bean. Alternatively, consider using the UserDetailsService in a manually instantiated DaoAuthenticationProvider.
2024-11-20T07:40:30.753-05:00  INFO 28336 --- [B4U PocketPartners Backend] [           main] o.s.b.a.e.web.EndpointLinksResolver      : Exposing 1 endpoint beneath base path '/actuator'
2024-11-20T07:40:31.343-05:00  INFO 28336 --- [B4U PocketPartners Backend] [           main] b.p.backend.BackendApplicationTests      : Started BackendApplicationTests in 16.806 seconds (process running for 17.929)
2024-11-20T07:40:31.413-05:00  INFO 28336 --- [B4U PocketPartners Backend] [           main] p.b.u.a.i.e.ApplicationReadyEventHandler : Starting to verify if roles seeding is needed for B4U PocketPartners Backend at 2024-11-20 07:40:31.413
Hibernate: select r1_0.id from roles r1_0 where r1_0.name=? limit ?
Hibernate: select r1_0.id from roles r1_0 where r1_0.name=? limit ?
2024-11-20T07:40:32.202-05:00  INFO 28336 --- [B4U PocketPartners Backend] [           main] p.b.u.a.i.e.ApplicationReadyEventHandler : Roles seeding verification finished for B4U PocketPartners Backend at 2024-11-20 07:40:32.202
]]></system-out>
    <system-err><![CDATA[WARNING: A Java agent has been loaded dynamically (C:\Users\Nadia\.m2\repository\net\bytebuddy\byte-buddy-agent\1.14.19\byte-buddy-agent-1.14.19.jar)
WARNING: If a serviceability tool is in use, please run with -XX:+EnableDynamicAgentLoading to hide this warning
WARNING: If a serviceability tool is not in use, please run with -Djdk.instrument.traceUsage for more information
WARNING: Dynamic loading of agents will be disallowed by default in a future release
]]></system-err>
  </testcase>
</testsuite>